---------------------------------------------------------------
[ 2017-06-30T15:09:45+08:00 ] 192.168.1.222 192.168.1.222 GET /favicon.ico
[ info ] weixin.test.com/favicon.ico [运行时间：0.103013s][吞吐率：9.71req/s] [内存消耗：839.65kb] [文件加载：29]
[ info ] [ LANG ] E:\weixin\web\thinkphp\lang\zh-cn.php
[ info ] [ ROUTE ] array (
  'type' => 'module',
  'module' => 
  array (
    0 => 'favicon.ico',
    1 => NULL,
    2 => NULL,
  ),
)
[ info ] [ HEADER ] array (
  'cookie' => 'username=15505124589; userid=1317; Hm_lvt_aa2f9869e9b578122e4692de2bd9f80f=1498028937,1498039550',
  'accept-language' => 'zh-CN,zh;q=0.8',
  'accept-encoding' => 'gzip, deflate, sdch',
  'user-agent' => 'Mozilla/5.0 (Windows NT 6.1; WOW64) AppleWebKit/537.36 (KHTML, like Gecko) Chrome/45.0.2454.101 Safari/537.36',
  'connection' => 'close',
  'host' => 'weixin.test.com',
)
[ info ] [ PARAM ] array (
  '/favicon_ico' => '',
)
[ info ] [ LOG ] INIT File
---------------------------------------------------------------
[ 2017-06-30T15:09:46+08:00 ] 192.168.1.222 192.168.1.222 GET /
[ info ] weixin.test.com/ [运行时间：0.092512s][吞吐率：10.81req/s] [内存消耗：1,659.04kb] [文件加载：44]
[ info ] [ LANG ] E:\weixin\web\thinkphp\lang\zh-cn.php
[ info ] [ ROUTE ] array (
  'type' => 'module',
  'module' => 
  array (
    0 => '',
    1 => NULL,
    2 => NULL,
  ),
)
[ info ] [ HEADER ] array (
  'cookie' => 'username=15505124589; userid=1317; Hm_lvt_aa2f9869e9b578122e4692de2bd9f80f=1498028937,1498039550',
  'accept-language' => 'zh-CN,zh;q=0.8',
  'accept-encoding' => 'gzip, deflate, sdch',
  'user-agent' => 'Mozilla/5.0 (Windows NT 6.1; WOW64) AppleWebKit/537.36 (KHTML, like Gecko) Chrome/45.0.2454.101 Safari/537.36',
  'upgrade-insecure-requests' => '1',
  'accept' => 'text/html,application/xhtml+xml,application/xml;q=0.9,image/webp,*/*;q=0.8',
  'connection' => 'close',
  'host' => 'weixin.test.com',
)
[ info ] [ PARAM ] array (
)
[ info ] [ BEHAVIOR ] Run hook\AccessAuth @action_begin [ RunTime:0.000500s ]
[ info ] [ RUN ] app\index\controller\Index->index[ E:\weixin\web\application\index\controller\Index.php ]
[ info ] [ VIEW ] E:\weixin\web/application/index\view\index.index.html [ array (
  0 => 'classuri',
) ]
[ info ] [ DB ] INIT mysql
[ info ] [ BEHAVIOR ] Run hook\FilterView @view_filter [ RunTime:0.049506s ]
[ info ] [ LOG ] INIT File
---------------------------------------------------------------
[ 2017-06-30T15:09:47+08:00 ] 192.168.1.222 192.168.1.222 GET /favicon.ico
[ info ] weixin.test.com/favicon.ico [运行时间：0.012502s][吞吐率：79.99req/s] [内存消耗：840.40kb] [文件加载：29]
[ info ] [ LANG ] E:\weixin\web\thinkphp\lang\zh-cn.php
[ info ] [ ROUTE ] array (
  'type' => 'module',
  'module' => 
  array (
    0 => 'favicon.ico',
    1 => NULL,
    2 => NULL,
  ),
)
[ info ] [ HEADER ] array (
  'cookie' => 'username=15505124589; userid=1317; Hm_lvt_aa2f9869e9b578122e4692de2bd9f80f=1498028937,1498039550,1498806587; Hm_lpvt_aa2f9869e9b578122e4692de2bd9f80f=1498806587',
  'accept-language' => 'zh-CN,zh;q=0.8',
  'accept-encoding' => 'gzip, deflate, sdch',
  'referer' => 'http://weixin.test.com/',
  'accept' => '*/*',
  'user-agent' => 'Mozilla/5.0 (Windows NT 6.1; WOW64) AppleWebKit/537.36 (KHTML, like Gecko) Chrome/45.0.2454.101 Safari/537.36',
  'connection' => 'close',
  'host' => 'weixin.test.com',
)
[ info ] [ PARAM ] array (
  '/favicon_ico' => '',
)
[ info ] [ LOG ] INIT File
---------------------------------------------------------------
[ 2017-06-30T15:09:51+08:00 ] 192.168.1.222 192.168.1.222 GET /api
[ info ] weixin.test.com/api [运行时间：0.063508s][吞吐率：15.75req/s] [内存消耗：1,716.98kb] [文件加载：46]
[ info ] [ LANG ] E:\weixin\web\thinkphp\lang\zh-cn.php
[ info ] [ ROUTE ] array (
  'type' => 'module',
  'module' => 
  array (
    0 => 'api',
    1 => NULL,
    2 => NULL,
  ),
)
[ info ] [ HEADER ] array (
  'cookie' => 'username=15505124589; userid=1317; Hm_lvt_aa2f9869e9b578122e4692de2bd9f80f=1498028937,1498039550,1498806587; Hm_lpvt_aa2f9869e9b578122e4692de2bd9f80f=1498806587',
  'accept-language' => 'zh-CN,zh;q=0.8',
  'accept-encoding' => 'gzip, deflate, sdch',
  'user-agent' => 'Mozilla/5.0 (Windows NT 6.1; WOW64) AppleWebKit/537.36 (KHTML, like Gecko) Chrome/45.0.2454.101 Safari/537.36',
  'upgrade-insecure-requests' => '1',
  'accept' => 'text/html,application/xhtml+xml,application/xml;q=0.9,image/webp,*/*;q=0.8',
  'connection' => 'close',
  'host' => 'weixin.test.com',
)
[ info ] [ PARAM ] array (
  '/api' => '',
)
[ info ] [ BEHAVIOR ] Run hook\AccessAuth @action_begin [ RunTime:0.000500s ]
[ info ] [ RUN ] app\api\controller\Index->index[ E:\weixin\web\application\api\controller\Index.php ]
[ info ] [ VIEW ] E:\weixin\web/application/api\view\index.index.html [ array (
  0 => 'classuri',
) ]
[ info ] [ DB ] INIT mysql
[ info ] [ BEHAVIOR ] Run hook\FilterView @view_filter [ RunTime:0.011002s ]
[ info ] [ LOG ] INIT File
---------------------------------------------------------------
[ 2017-06-30T15:09:52+08:00 ] 192.168.1.222 192.168.1.222 GET /api/base/get_captcha.html
[ info ] weixin.test.com/api/base/get_captcha.html [运行时间：0.121015s][吞吐率：8.26req/s] [内存消耗：1,101.22kb] [文件加载：35]
[ info ] [ LANG ] E:\weixin\web\thinkphp\lang\zh-cn.php
[ info ] [ ROUTE ] array (
  'type' => 'module',
  'module' => 
  array (
    0 => 'api',
    1 => 'base',
    2 => 'get_captcha',
  ),
)
[ info ] [ HEADER ] array (
  'cookie' => 'username=15505124589; userid=1317; Hm_lvt_aa2f9869e9b578122e4692de2bd9f80f=1498028937,1498039550,1498806587; Hm_lpvt_aa2f9869e9b578122e4692de2bd9f80f=1498806587',
  'accept-language' => 'zh-CN,zh;q=0.8',
  'accept-encoding' => 'gzip, deflate, sdch',
  'referer' => 'http://weixin.test.com/api',
  'user-agent' => 'Mozilla/5.0 (Windows NT 6.1; WOW64) AppleWebKit/537.36 (KHTML, like Gecko) Chrome/45.0.2454.101 Safari/537.36',
  'accept' => 'image/webp,image/*,*/*;q=0.8',
  'connection' => 'close',
  'host' => 'weixin.test.com',
)
[ info ] [ PARAM ] array (
  '/api/base/get_captcha_html' => '',
)
[ info ] [ BEHAVIOR ] Run hook\AccessAuth @action_begin [ RunTime:0.000500s ]
[ info ] [ RUN ] app\api\controller\Base->get_captcha[ E:\weixin\web\application\api\controller\Base.php ]
[ info ] [ SESSION ] INIT array (
  'prefix' => 'captcha_',
  'type' => '',
  'auto_start' => true,
)
[ info ] [ LOG ] INIT File
---------------------------------------------------------------
[ 2017-06-30T18:02:44+08:00 ] 192.168.1.222 192.168.1.222 GET /favicon.ico
[ info ] weixin.test.com/favicon.ico [运行时间：0.012501s][吞吐率：79.99req/s] [内存消耗：839.70kb] [文件加载：29]
[ info ] [ LANG ] E:\weixin\web\thinkphp\lang\zh-cn.php
[ info ] [ ROUTE ] array (
  'type' => 'module',
  'module' => 
  array (
    0 => 'favicon.ico',
    1 => NULL,
    2 => NULL,
  ),
)
[ info ] [ HEADER ] array (
  'cookie' => 'username=15505124589; userid=1317; Hm_lvt_aa2f9869e9b578122e4692de2bd9f80f=1498028937,1498039550,1498806587',
  'accept-language' => 'zh-CN,zh;q=0.8',
  'accept-encoding' => 'gzip, deflate, sdch',
  'user-agent' => 'Mozilla/5.0 (Windows NT 6.1; WOW64) AppleWebKit/537.36 (KHTML, like Gecko) Chrome/45.0.2454.101 Safari/537.36',
  'connection' => 'close',
  'host' => 'weixin.test.com',
)
[ info ] [ PARAM ] array (
  '/favicon_ico' => '',
)
[ info ] [ LOG ] INIT File
---------------------------------------------------------------
[ 2017-06-30T18:22:34+08:00 ] 192.168.1.222 192.168.1.222 GET /favicon.ico
[ info ] weixin.test.com/favicon.ico [运行时间：0.078510s][吞吐率：12.74req/s] [内存消耗：839.70kb] [文件加载：29]
[ info ] [ LANG ] E:\weixin\web\thinkphp\lang\zh-cn.php
[ info ] [ ROUTE ] array (
  'type' => 'module',
  'module' => 
  array (
    0 => 'favicon.ico',
    1 => NULL,
    2 => NULL,
  ),
)
[ info ] [ HEADER ] array (
  'cookie' => 'username=15505124589; userid=1317; Hm_lvt_aa2f9869e9b578122e4692de2bd9f80f=1498028937,1498039550,1498806587',
  'accept-language' => 'zh-CN,zh;q=0.8',
  'accept-encoding' => 'gzip, deflate, sdch',
  'user-agent' => 'Mozilla/5.0 (Windows NT 6.1; WOW64) AppleWebKit/537.36 (KHTML, like Gecko) Chrome/45.0.2454.101 Safari/537.36',
  'connection' => 'close',
  'host' => 'weixin.test.com',
)
[ info ] [ PARAM ] array (
  '/favicon_ico' => '',
)
[ info ] [ LOG ] INIT File
---------------------------------------------------------------
[ 2017-06-30T18:22:39+08:00 ] 192.168.1.222 192.168.1.222 GET /api/user/login
[ info ] weixin.test.com/api/user/login [运行时间：0.012001s][吞吐率：83.33req/s] [内存消耗：841.19kb] [文件加载：29]
[ info ] [ LANG ] E:\weixin\web\thinkphp\lang\zh-cn.php
[ info ] [ ROUTE ] array (
  'type' => 'module',
  'module' => 
  array (
    0 => 'api',
    1 => 'user',
    2 => 'login',
  ),
)
[ info ] [ HEADER ] array (
  'cookie' => 'username=15505124589; userid=1317; Hm_lvt_aa2f9869e9b578122e4692de2bd9f80f=1498028937,1498039550,1498806587',
  'accept-language' => 'zh-CN,zh;q=0.8',
  'accept-encoding' => 'gzip, deflate, sdch',
  'user-agent' => 'Mozilla/5.0 (Windows NT 6.1; WOW64) AppleWebKit/537.36 (KHTML, like Gecko) Chrome/45.0.2454.101 Safari/537.36',
  'upgrade-insecure-requests' => '1',
  'accept' => 'text/html,application/xhtml+xml,application/xml;q=0.9,image/webp,*/*;q=0.8',
  'connection' => 'close',
  'host' => 'weixin.test.com',
)
[ info ] [ PARAM ] array (
  '/api/user/login' => '',
)
[ info ] [ LOG ] INIT File
---------------------------------------------------------------
[ 2017-06-30T18:22:39+08:00 ] 192.168.1.222 192.168.1.222 GET /favicon.ico
[ info ] weixin.test.com/favicon.ico [运行时间：0.016502s][吞吐率：60.60req/s] [内存消耗：840.30kb] [文件加载：29]
[ info ] [ LANG ] E:\weixin\web\thinkphp\lang\zh-cn.php
[ info ] [ ROUTE ] array (
  'type' => 'module',
  'module' => 
  array (
    0 => 'favicon.ico',
    1 => NULL,
    2 => NULL,
  ),
)
[ info ] [ HEADER ] array (
  'cookie' => 'username=15505124589; userid=1317; Hm_lvt_aa2f9869e9b578122e4692de2bd9f80f=1498028937,1498039550,1498806587',
  'accept-language' => 'zh-CN,zh;q=0.8',
  'accept-encoding' => 'gzip, deflate, sdch',
  'referer' => 'http://weixin.test.com/api/user/login',
  'accept' => '*/*',
  'user-agent' => 'Mozilla/5.0 (Windows NT 6.1; WOW64) AppleWebKit/537.36 (KHTML, like Gecko) Chrome/45.0.2454.101 Safari/537.36',
  'connection' => 'close',
  'host' => 'weixin.test.com',
)
[ info ] [ PARAM ] array (
  '/favicon_ico' => '',
)
[ info ] [ LOG ] INIT File
---------------------------------------------------------------
[ 2017-06-30T18:23:04+08:00 ] 192.168.1.222 192.168.1.222 GET /api/users/login
[ info ] weixin.test.com/api/users/login [运行时间：0.045506s][吞吐率：21.98req/s] [内存消耗：1,114.51kb] [文件加载：40]
[ info ] [ LANG ] E:\weixin\web\thinkphp\lang\zh-cn.php
[ info ] [ ROUTE ] array (
  'type' => 'module',
  'module' => 
  array (
    0 => 'api',
    1 => 'users',
    2 => 'login',
  ),
)
[ info ] [ HEADER ] array (
  'cookie' => 'username=15505124589; userid=1317; Hm_lvt_aa2f9869e9b578122e4692de2bd9f80f=1498028937,1498039550,1498806587',
  'accept-language' => 'zh-CN,zh;q=0.8',
  'accept-encoding' => 'gzip, deflate, sdch',
  'user-agent' => 'Mozilla/5.0 (Windows NT 6.1; WOW64) AppleWebKit/537.36 (KHTML, like Gecko) Chrome/45.0.2454.101 Safari/537.36',
  'upgrade-insecure-requests' => '1',
  'accept' => 'text/html,application/xhtml+xml,application/xml;q=0.9,image/webp,*/*;q=0.8',
  'connection' => 'close',
  'host' => 'weixin.test.com',
)
[ info ] [ PARAM ] array (
  '/api/users/login' => '',
)
[ info ] [ BEHAVIOR ] Run hook\AccessAuth @action_begin [ RunTime:0.000500s ]
[ info ] [ RUN ] app\api\controller\Users->login[ E:\weixin\web\application\api\controller\Users.php ]
[ info ] [ LOG ] INIT File
---------------------------------------------------------------
[ 2017-06-30T18:23:25+08:00 ] 192.168.1.222 192.168.1.222 GET /api/users/login
[ info ] weixin.test.com/api/users/login [运行时间：0.015502s][吞吐率：64.51req/s] [内存消耗：1,091.51kb] [文件加载：36]
[ info ] [ LANG ] E:\weixin\web\thinkphp\lang\zh-cn.php
[ info ] [ ROUTE ] array (
  'type' => 'module',
  'module' => 
  array (
    0 => 'api',
    1 => 'users',
    2 => 'login',
  ),
)
[ info ] [ HEADER ] array (
  'cookie' => 'username=15505124589; userid=1317; Hm_lvt_aa2f9869e9b578122e4692de2bd9f80f=1498028937,1498039550,1498806587',
  'accept-language' => 'zh-CN,zh;q=0.8',
  'accept-encoding' => 'gzip, deflate, sdch',
  'user-agent' => 'Mozilla/5.0 (Windows NT 6.1; WOW64) AppleWebKit/537.36 (KHTML, like Gecko) Chrome/45.0.2454.101 Safari/537.36',
  'upgrade-insecure-requests' => '1',
  'accept' => 'text/html,application/xhtml+xml,application/xml;q=0.9,image/webp,*/*;q=0.8',
  'cache-control' => 'max-age=0',
  'connection' => 'close',
  'host' => 'weixin.test.com',
)
[ info ] [ PARAM ] array (
  '/api/users/login' => '',
)
[ info ] [ BEHAVIOR ] Run hook\AccessAuth @action_begin [ RunTime:0.000500s ]
[ info ] [ RUN ] app\api\controller\Users->login[ E:\weixin\web\application\api\controller\Users.php ]
[ info ] [ LOG ] INIT File
---------------------------------------------------------------
[ 2017-06-30T18:23:25+08:00 ] 192.168.1.222 192.168.1.222 GET /api/users/login
[ info ] weixin.test.com/api/users/login [运行时间：0.015002s][吞吐率：66.66req/s] [内存消耗：1,091.51kb] [文件加载：36]
[ info ] [ LANG ] E:\weixin\web\thinkphp\lang\zh-cn.php
[ info ] [ ROUTE ] array (
  'type' => 'module',
  'module' => 
  array (
    0 => 'api',
    1 => 'users',
    2 => 'login',
  ),
)
[ info ] [ HEADER ] array (
  'cookie' => 'username=15505124589; userid=1317; Hm_lvt_aa2f9869e9b578122e4692de2bd9f80f=1498028937,1498039550,1498806587',
  'accept-language' => 'zh-CN,zh;q=0.8',
  'accept-encoding' => 'gzip, deflate, sdch',
  'user-agent' => 'Mozilla/5.0 (Windows NT 6.1; WOW64) AppleWebKit/537.36 (KHTML, like Gecko) Chrome/45.0.2454.101 Safari/537.36',
  'upgrade-insecure-requests' => '1',
  'accept' => 'text/html,application/xhtml+xml,application/xml;q=0.9,image/webp,*/*;q=0.8',
  'cache-control' => 'max-age=0',
  'connection' => 'close',
  'host' => 'weixin.test.com',
)
[ info ] [ PARAM ] array (
  '/api/users/login' => '',
)
[ info ] [ BEHAVIOR ] Run hook\AccessAuth @action_begin [ RunTime:0.000500s ]
[ info ] [ RUN ] app\api\controller\Users->login[ E:\weixin\web\application\api\controller\Users.php ]
[ info ] [ LOG ] INIT File
