---------------------------------------------------------------
[ 2017-07-05T15:43:42+08:00 ] 192.168.1.222 192.168.1.222 GET /favicon.ico
[ info ] weixin.test.com/favicon.ico [运行时间：0.078010s][吞吐率：12.82req/s] [内存消耗：839.70kb] [文件加载：29]
[ info ] [ LANG ] E:\weixin\web\thinkphp\lang\zh-cn.php
[ info ] [ ROUTE ] array (
  'type' => 'module',
  'module' => 
  array (
    0 => 'favicon.ico',
    1 => NULL,
    2 => NULL,
  ),
)
[ info ] [ HEADER ] array (
  'cookie' => 'username=15505124589; userid=1317; Hm_lvt_aa2f9869e9b578122e4692de2bd9f80f=1498028937,1498039550,1498806587',
  'accept-language' => 'zh-CN,zh;q=0.8',
  'accept-encoding' => 'gzip, deflate, sdch',
  'user-agent' => 'Mozilla/5.0 (Windows NT 6.1; WOW64) AppleWebKit/537.36 (KHTML, like Gecko) Chrome/45.0.2454.101 Safari/537.36',
  'connection' => 'close',
  'host' => 'weixin.test.com',
)
[ info ] [ PARAM ] array (
  '/favicon_ico' => '',
)
[ info ] [ LOG ] INIT File
---------------------------------------------------------------
[ 2017-07-05T15:43:48+08:00 ] 192.168.1.222 192.168.1.222 GET /api/users/login
[ info ] weixin.test.com/api/users/login [运行时间：0.054007s][吞吐率：18.52req/s] [内存消耗：1,115.49kb] [文件加载：40]
[ info ] [ LANG ] E:\weixin\web\thinkphp\lang\zh-cn.php
[ info ] [ ROUTE ] array (
  'type' => 'module',
  'module' => 
  array (
    0 => 'api',
    1 => 'users',
    2 => 'login',
  ),
)
[ info ] [ HEADER ] array (
  'cookie' => 'username=15505124589; userid=1317; Hm_lvt_aa2f9869e9b578122e4692de2bd9f80f=1498028937,1498039550,1498806587',
  'accept-language' => 'zh-CN,zh;q=0.8',
  'accept-encoding' => 'gzip, deflate, sdch',
  'user-agent' => 'Mozilla/5.0 (Windows NT 6.1; WOW64) AppleWebKit/537.36 (KHTML, like Gecko) Chrome/45.0.2454.101 Safari/537.36',
  'upgrade-insecure-requests' => '1',
  'accept' => 'text/html,application/xhtml+xml,application/xml;q=0.9,image/webp,*/*;q=0.8',
  'connection' => 'close',
  'host' => 'weixin.test.com',
)
[ info ] [ PARAM ] array (
  '/api/users/login' => '',
)
[ info ] [ BEHAVIOR ] Run hook\AccessAuth @action_begin [ RunTime:0.000501s ]
[ info ] [ RUN ] app\api\controller\Users->login[ E:\weixin\web\application\api\controller\Users.php ]
[ info ] [ LOG ] INIT File
---------------------------------------------------------------
[ 2017-07-05T15:43:48+08:00 ] 192.168.1.222 192.168.1.222 GET /favicon.ico
[ info ] weixin.test.com/favicon.ico [运行时间：0.011002s][吞吐率：90.89req/s] [内存消耗：840.30kb] [文件加载：29]
[ info ] [ LANG ] E:\weixin\web\thinkphp\lang\zh-cn.php
[ info ] [ ROUTE ] array (
  'type' => 'module',
  'module' => 
  array (
    0 => 'favicon.ico',
    1 => NULL,
    2 => NULL,
  ),
)
[ info ] [ HEADER ] array (
  'cookie' => 'username=15505124589; userid=1317; Hm_lvt_aa2f9869e9b578122e4692de2bd9f80f=1498028937,1498039550,1498806587',
  'accept-language' => 'zh-CN,zh;q=0.8',
  'accept-encoding' => 'gzip, deflate, sdch',
  'referer' => 'http://weixin.test.com/api/users/login',
  'accept' => '*/*',
  'user-agent' => 'Mozilla/5.0 (Windows NT 6.1; WOW64) AppleWebKit/537.36 (KHTML, like Gecko) Chrome/45.0.2454.101 Safari/537.36',
  'connection' => 'close',
  'host' => 'weixin.test.com',
)
[ info ] [ PARAM ] array (
  '/favicon_ico' => '',
)
[ info ] [ LOG ] INIT File
---------------------------------------------------------------
[ 2017-07-05T15:44:09+08:00 ] 192.168.1.222 192.168.1.222 GET /api/users/login
[ info ] weixin.test.com/api/users/login [运行时间：0.018003s][吞吐率：55.55req/s] [内存消耗：1,115.80kb] [文件加载：40]
[ info ] [ LANG ] E:\weixin\web\thinkphp\lang\zh-cn.php
[ info ] [ ROUTE ] array (
  'type' => 'module',
  'module' => 
  array (
    0 => 'api',
    1 => 'users',
    2 => 'login',
  ),
)
[ info ] [ HEADER ] array (
  'cookie' => 'username=15505124589; userid=1317; Hm_lvt_aa2f9869e9b578122e4692de2bd9f80f=1498028937,1498039550,1498806587',
  'accept-language' => 'zh-CN,zh;q=0.8',
  'accept-encoding' => 'gzip, deflate, sdch',
  'user-agent' => 'Mozilla/5.0 (Windows NT 6.1; WOW64) AppleWebKit/537.36 (KHTML, like Gecko) Chrome/45.0.2454.101 Safari/537.36',
  'upgrade-insecure-requests' => '1',
  'accept' => 'text/html,application/xhtml+xml,application/xml;q=0.9,image/webp,*/*;q=0.8',
  'cache-control' => 'max-age=0',
  'connection' => 'close',
  'host' => 'weixin.test.com',
)
[ info ] [ PARAM ] array (
  '/api/users/login' => '',
)
[ info ] [ BEHAVIOR ] Run hook\AccessAuth @action_begin [ RunTime:0.000000s ]
[ info ] [ RUN ] app\api\controller\Users->login[ E:\weixin\web\application\api\controller\Users.php ]
[ info ] [ LOG ] INIT File
---------------------------------------------------------------
[ 2017-07-05T15:47:10+08:00 ] 192.168.1.222 192.168.1.222 GET /api/users/login
[ info ] weixin.test.com/api/users/login [运行时间：0.017502s][吞吐率：57.14req/s] [内存消耗：1,115.87kb] [文件加载：40]
[ info ] [ LANG ] E:\weixin\web\thinkphp\lang\zh-cn.php
[ info ] [ ROUTE ] array (
  'type' => 'module',
  'module' => 
  array (
    0 => 'api',
    1 => 'users',
    2 => 'login',
  ),
)
[ info ] [ HEADER ] array (
  'cookie' => 'username=15505124589; userid=1317; Hm_lvt_aa2f9869e9b578122e4692de2bd9f80f=1498028937,1498039550,1498806587',
  'accept-language' => 'zh-CN,zh;q=0.8',
  'accept-encoding' => 'gzip, deflate, sdch',
  'user-agent' => 'Mozilla/5.0 (Windows NT 6.1; WOW64) AppleWebKit/537.36 (KHTML, like Gecko) Chrome/45.0.2454.101 Safari/537.36',
  'upgrade-insecure-requests' => '1',
  'accept' => 'text/html,application/xhtml+xml,application/xml;q=0.9,image/webp,*/*;q=0.8',
  'cache-control' => 'max-age=0',
  'connection' => 'close',
  'host' => 'weixin.test.com',
)
[ info ] [ PARAM ] array (
  '/api/users/login' => '',
)
[ info ] [ BEHAVIOR ] Run hook\AccessAuth @action_begin [ RunTime:0.000000s ]
[ info ] [ RUN ] app\api\controller\Users->login[ E:\weixin\web\application\api\controller\Users.php ]
[ info ] [ LOG ] INIT File
---------------------------------------------------------------
[ 2017-07-05T15:52:21+08:00 ] 192.168.1.222 192.168.1.222 GET /api/users/login
[ info ] weixin.test.com/api/users/login [运行时间：0.018502s][吞吐率：54.05req/s] [内存消耗：1,092.19kb] [文件加载：36]
[ info ] [ LANG ] E:\weixin\web\thinkphp\lang\zh-cn.php
[ info ] [ ROUTE ] array (
  'type' => 'module',
  'module' => 
  array (
    0 => 'api',
    1 => 'users',
    2 => 'login',
  ),
)
[ info ] [ HEADER ] array (
  'cookie' => 'username=15505124589; userid=1317; Hm_lvt_aa2f9869e9b578122e4692de2bd9f80f=1498028937,1498039550,1498806587',
  'accept-language' => 'zh-CN,zh;q=0.8',
  'accept-encoding' => 'gzip, deflate, sdch',
  'user-agent' => 'Mozilla/5.0 (Windows NT 6.1; WOW64) AppleWebKit/537.36 (KHTML, like Gecko) Chrome/45.0.2454.101 Safari/537.36',
  'upgrade-insecure-requests' => '1',
  'accept' => 'text/html,application/xhtml+xml,application/xml;q=0.9,image/webp,*/*;q=0.8',
  'cache-control' => 'max-age=0',
  'connection' => 'close',
  'host' => 'weixin.test.com',
)
[ info ] [ PARAM ] array (
  '/api/users/login' => '',
)
[ info ] [ BEHAVIOR ] Run hook\AccessAuth @action_begin [ RunTime:0.000500s ]
[ info ] [ RUN ] app\api\controller\Users->login[ E:\weixin\web\application\api\controller\Users.php ]
[ info ] [ LOG ] INIT File
---------------------------------------------------------------
[ 2017-07-05T17:05:21+08:00 ] 192.168.1.222 192.168.1.222 GET /favicon.ico
[ info ] weixin.test.com/favicon.ico [运行时间：0.094006s][吞吐率：10.64req/s] [内存消耗：839.70kb] [文件加载：29]
[ info ] [ LANG ] E:\weixin\web\thinkphp\lang\zh-cn.php
[ info ] [ ROUTE ] array (
  'type' => 'module',
  'module' => 
  array (
    0 => 'favicon.ico',
    1 => NULL,
    2 => NULL,
  ),
)
[ info ] [ HEADER ] array (
  'cookie' => 'username=15505124589; userid=1317; Hm_lvt_aa2f9869e9b578122e4692de2bd9f80f=1498028937,1498039550,1498806587',
  'accept-language' => 'zh-CN,zh;q=0.8',
  'accept-encoding' => 'gzip, deflate, sdch',
  'user-agent' => 'Mozilla/5.0 (Windows NT 6.1; WOW64) AppleWebKit/537.36 (KHTML, like Gecko) Chrome/45.0.2454.101 Safari/537.36',
  'connection' => 'close',
  'host' => 'weixin.test.com',
)
[ info ] [ PARAM ] array (
  '/favicon_ico' => '',
)
[ info ] [ LOG ] INIT File
---------------------------------------------------------------
[ 2017-07-05T18:54:18+08:00 ] 192.168.1.222 192.168.1.222 POST /api/users/login
[ info ] 192.168.1.222/api/users/login [运行时间：0.095012s][吞吐率：10.52req/s] [内存消耗：1,091.85kb] [文件加载：36]
[ info ] [ LANG ] E:\weixin\web\thinkphp\lang\zh-cn.php
[ info ] [ ROUTE ] array (
  'type' => 'module',
  'module' => 
  array (
    0 => 'api',
    1 => 'users',
    2 => 'login',
  ),
)
[ info ] [ HEADER ] array (
  'accept-language' => 'zh-CN,en-US;q=0.8',
  'accept-encoding' => 'gzip,deflate',
  'content-type' => 'application/x-www-form-urlencoded',
  'user-agent' => 'Mozilla/5.0 (Linux; Android 4.4.2; Coolpad 5891 Build/JZO54K) AppleWebKit/537.36 (KHTML, like Gecko) Version/4.0 Chrome/30.0.0.0 Mobile Safari/537.36 Html5Plus/1.0',
  'x-requested-with' => 'XMLHttpRequest',
  'origin' => 'file://',
  'accept' => '*/*',
  'content-length' => '25',
  'connection' => 'close',
  'host' => '192.168.1.222',
)
[ info ] [ PARAM ] array (
  '/api/users/login' => '',
  'phone' => 'admin',
  'userpwd' => 'admin',
)
[ info ] [ BEHAVIOR ] Run hook\AccessAuth @action_begin [ RunTime:0.000500s ]
[ info ] [ RUN ] app\api\controller\Users->login[ E:\weixin\web\application\api\controller\Users.php ]
[ info ] [ LOG ] INIT File
---------------------------------------------------------------
[ 2017-07-05T18:55:15+08:00 ] 192.168.1.222 192.168.1.222 POST /api/users/login
[ info ] 192.168.1.222/api/users/login [运行时间：0.015502s][吞吐率：64.51req/s] [内存消耗：1,091.91kb] [文件加载：36]
[ info ] [ LANG ] E:\weixin\web\thinkphp\lang\zh-cn.php
[ info ] [ ROUTE ] array (
  'type' => 'module',
  'module' => 
  array (
    0 => 'api',
    1 => 'users',
    2 => 'login',
  ),
)
[ info ] [ HEADER ] array (
  'accept-language' => 'zh-CN,en-US;q=0.8',
  'accept-encoding' => 'gzip,deflate',
  'content-type' => 'application/x-www-form-urlencoded',
  'user-agent' => 'Mozilla/5.0 (Linux; Android 4.4.2; Coolpad 5891 Build/JZO54K) AppleWebKit/537.36 (KHTML, like Gecko) Version/4.0 Chrome/30.0.0.0 Mobile Safari/537.36 Html5Plus/1.0',
  'x-requested-with' => 'XMLHttpRequest',
  'origin' => 'file://',
  'accept' => 'application/json',
  'content-length' => '25',
  'connection' => 'close',
  'host' => '192.168.1.222',
)
[ info ] [ PARAM ] array (
  '/api/users/login' => '',
  'phone' => 'admin',
  'userpwd' => 'admin',
)
[ info ] [ BEHAVIOR ] Run hook\AccessAuth @action_begin [ RunTime:0.000000s ]
[ info ] [ RUN ] app\api\controller\Users->login[ E:\weixin\web\application\api\controller\Users.php ]
[ info ] [ LOG ] INIT File
---------------------------------------------------------------
[ 2017-07-05T18:55:44+08:00 ] 192.168.1.222 192.168.1.222 POST /api/users/login
[ info ] 192.168.1.222/api/users/login [运行时间：0.014502s][吞吐率：68.96req/s] [内存消耗：1,091.77kb] [文件加载：36]
[ info ] [ LANG ] E:\weixin\web\thinkphp\lang\zh-cn.php
[ info ] [ ROUTE ] array (
  'type' => 'module',
  'module' => 
  array (
    0 => 'api',
    1 => 'users',
    2 => 'login',
  ),
)
[ info ] [ HEADER ] array (
  'accept-language' => 'zh-CN,en-US;q=0.8',
  'accept-encoding' => 'gzip,deflate',
  'content-type' => 'application/x-www-form-urlencoded',
  'user-agent' => 'Mozilla/5.0 (Linux; Android 4.4.2; Coolpad 5891 Build/JZO54K) AppleWebKit/537.36 (KHTML, like Gecko) Version/4.0 Chrome/30.0.0.0 Mobile Safari/537.36 Html5Plus/1.0',
  'x-requested-with' => 'XMLHttpRequest',
  'origin' => 'file://',
  'accept' => 'application/json',
  'content-length' => '25',
  'connection' => 'close',
  'host' => '192.168.1.222',
)
[ info ] [ PARAM ] array (
  '/api/users/login' => '',
  'phone' => 'admin',
  'userpwd' => 'admin',
)
[ info ] [ BEHAVIOR ] Run hook\AccessAuth @action_begin [ RunTime:0.000000s ]
[ info ] [ RUN ] app\api\controller\Users->login[ E:\weixin\web\application\api\controller\Users.php ]
[ info ] [ LOG ] INIT File
